{"total": {"lines":{"total":140,"covered":140,"skipped":0,"pct":100},"statements":{"total":140,"covered":140,"skipped":0,"pct":100},"functions":{"total":6,"covered":6,"skipped":0,"pct":100},"branches":{"total":28,"covered":24,"skipped":0,"pct":85.71},"branchesTrue":{"total":0,"covered":0,"skipped":0,"pct":100}}
,"C:\\Users\\diego\\OneDrive\\Documentos\\backend\\backend_innovatech\\frontend\\src\\components\\KpiDashboard.jsx": {"lines":{"total":110,"covered":110,"skipped":0,"pct":100},"functions":{"total":2,"covered":2,"skipped":0,"pct":100},"statements":{"total":110,"covered":110,"skipped":0,"pct":100},"branches":{"total":17,"covered":14,"skipped":0,"pct":82.35}}
,"C:\\Users\\diego\\OneDrive\\Documentos\\backend\\backend_innovatech\\frontend\\src\\utils\\kpiFormatters.js": {"lines":{"total":30,"covered":30,"skipped":0,"pct":100},"functions":{"total":4,"covered":4,"skipped":0,"pct":100},"statements":{"total":30,"covered":30,"skipped":0,"pct":100},"branches":{"total":11,"covered":10,"skipped":0,"pct":90.9}}
}
