{"total": {"lines":{"total":299,"covered":232,"skipped":0,"pct":77.59},"statements":{"total":326,"covered":239,"skipped":0,"pct":73.31},"functions":{"total":65,"covered":33,"skipped":0,"pct":50.76},"branches":{"total":177,"covered":104,"skipped":0,"pct":58.75},"branchesTrue":{"total":0,"covered":0,"skipped":0,"pct":100}}
,"C:\\Users\\diego\\OneDrive\\Documentos\\backend\\backend_innovatech\\backend\\bff\\src\\application\\auth\\authOrchestrationService.ts": {"lines":{"total":11,"covered":6,"skipped":0,"pct":54.54},"functions":{"total":8,"covered":3,"skipped":0,"pct":37.5},"statements":{"total":11,"covered":6,"skipped":0,"pct":54.54},"branches":{"total":0,"covered":0,"skipped":0,"pct":100}}
,"C:\\Users\\diego\\OneDrive\\Documentos\\backend\\backend_innovatech\\backend\\bff\\src\\application\\kpi\\kpiOrchestrationService.ts": {"lines":{"total":9,"covered":9,"skipped":0,"pct":100},"functions":{"total":3,"covered":3,"skipped":0,"pct":100},"statements":{"total":9,"covered":9,"skipped":0,"pct":100},"branches":{"total":24,"covered":21,"skipped":0,"pct":87.5}}
,"C:\\Users\\diego\\OneDrive\\Documentos\\backend\\backend_innovatech\\backend\\bff\\src\\application\\projectManager\\projectManagerOrchestrationService.ts": {"lines":{"total":4,"covered":4,"skipped":0,"pct":100},"functions":{"total":1,"covered":1,"skipped":0,"pct":100},"statements":{"total":4,"covered":4,"skipped":0,"pct":100},"branches":{"total":0,"covered":0,"skipped":0,"pct":100}}
,"C:\\Users\\diego\\OneDrive\\Documentos\\backend\\backend_innovatech\\backend\\bff\\src\\application\\proyectos\\proyectosOrchestrationService.ts": {"lines":{"total":29,"covered":6,"skipped":0,"pct":20.68},"functions":{"total":11,"covered":0,"skipped":0,"pct":0},"statements":{"total":34,"covered":6,"skipped":0,"pct":17.64},"branches":{"total":12,"covered":0,"skipped":0,"pct":0}}
,"C:\\Users\\diego\\OneDrive\\Documentos\\backend\\backend_innovatech\\backend\\bff\\src\\application\\transformers\\frontendResponseTransformers.ts": {"lines":{"total":27,"covered":25,"skipped":0,"pct":92.59},"functions":{"total":10,"covered":9,"skipped":0,"pct":90},"statements":{"total":36,"covered":28,"skipped":0,"pct":77.77},"branches":{"total":52,"covered":35,"skipped":0,"pct":67.3}}
,"C:\\Users\\diego\\OneDrive\\Documentos\\backend\\backend_innovatech\\backend\\bff\\src\\config\\index.ts": {"lines":{"total":4,"covered":4,"skipped":0,"pct":100},"functions":{"total":1,"covered":1,"skipped":0,"pct":100},"statements":{"total":5,"covered":5,"skipped":0,"pct":100},"branches":{"total":25,"covered":15,"skipped":0,"pct":60}}
,"C:\\Users\\diego\\OneDrive\\Documentos\\backend\\backend_innovatech\\backend\\bff\\src\\infrastructure\\clients\\authUpstreamClient.ts": {"lines":{"total":17,"covered":4,"skipped":0,"pct":23.52},"functions":{"total":10,"covered":0,"skipped":0,"pct":0},"statements":{"total":17,"covered":4,"skipped":0,"pct":23.52},"branches":{"total":1,"covered":0,"skipped":0,"pct":0}}
,"C:\\Users\\diego\\OneDrive\\Documentos\\backend\\backend_innovatech\\backend\\bff\\src\\infrastructure\\clients\\kpiUpstreamClient.ts": {"lines":{"total":14,"covered":4,"skipped":0,"pct":28.57},"functions":{"total":2,"covered":0,"skipped":0,"pct":0},"statements":{"total":19,"covered":4,"skipped":0,"pct":21.05},"branches":{"total":5,"covered":0,"skipped":0,"pct":0}}
,"C:\\Users\\diego\\OneDrive\\Documentos\\backend\\backend_innovatech\\backend\\bff\\src\\infrastructure\\clients\\projectManagerUpstreamClient.ts": {"lines":{"total":30,"covered":21,"skipped":0,"pct":70},"functions":{"total":6,"covered":3,"skipped":0,"pct":50},"statements":{"total":34,"covered":22,"skipped":0,"pct":64.7},"branches":{"total":21,"covered":8,"skipped":0,"pct":38.09}}
,"C:\\Users\\diego\\OneDrive\\Documentos\\backend\\backend_innovatech\\backend\\bff\\src\\infrastructure\\http\\httpUpstream.ts": {"lines":{"total":25,"covered":21,"skipped":0,"pct":84},"functions":{"total":3,"covered":3,"skipped":0,"pct":100},"statements":{"total":27,"covered":22,"skipped":0,"pct":81.48},"branches":{"total":21,"covered":10,"skipped":0,"pct":47.61}}
,"C:\\Users\\diego\\OneDrive\\Documentos\\backend\\backend_innovatech\\backend\\bff\\src\\presentation\\http\\gateway\\apiGateway.ts": {"lines":{"total":15,"covered":15,"skipped":0,"pct":100},"functions":{"total":0,"covered":0,"skipped":0,"pct":100},"statements":{"total":15,"covered":15,"skipped":0,"pct":100},"branches":{"total":0,"covered":0,"skipped":0,"pct":100}}
,"C:\\Users\\diego\\OneDrive\\Documentos\\backend\\backend_innovatech\\backend\\bff\\src\\presentation\\http\\middlewares\\jwtAuthMiddleware.ts": {"lines":{"total":10,"covered":10,"skipped":0,"pct":100},"functions":{"total":1,"covered":1,"skipped":0,"pct":100},"statements":{"total":10,"covered":10,"skipped":0,"pct":100},"branches":{"total":4,"covered":4,"skipped":0,"pct":100}}
,"C:\\Users\\diego\\OneDrive\\Documentos\\backend\\backend_innovatech\\backend\\bff\\src\\presentation\\http\\middlewares\\requireRoleMiddleware.ts": {"lines":{"total":10,"covered":10,"skipped":0,"pct":100},"functions":{"total":3,"covered":3,"skipped":0,"pct":100},"statements":{"total":11,"covered":11,"skipped":0,"pct":100},"branches":{"total":2,"covered":2,"skipped":0,"pct":100}}
,"C:\\Users\\diego\\OneDrive\\Documentos\\backend\\backend_innovatech\\backend\\bff\\src\\presentation\\http\\routes\\authProtectedOrchestrationRoutes.ts": {"lines":{"total":8,"covered":8,"skipped":0,"pct":100},"functions":{"total":0,"covered":0,"skipped":0,"pct":100},"statements":{"total":8,"covered":8,"skipped":0,"pct":100},"branches":{"total":0,"covered":0,"skipped":0,"pct":100}}
,"C:\\Users\\diego\\OneDrive\\Documentos\\backend\\backend_innovatech\\backend\\bff\\src\\presentation\\http\\routes\\authPublicOrchestrationRoutes.ts": {"lines":{"total":9,"covered":9,"skipped":0,"pct":100},"functions":{"total":0,"covered":0,"skipped":0,"pct":100},"statements":{"total":9,"covered":9,"skipped":0,"pct":100},"branches":{"total":0,"covered":0,"skipped":0,"pct":100}}
,"C:\\Users\\diego\\OneDrive\\Documentos\\backend\\backend_innovatech\\backend\\bff\\src\\presentation\\http\\routes\\frontendKpiRoutes.ts": {"lines":{"total":8,"covered":8,"skipped":0,"pct":100},"functions":{"total":0,"covered":0,"skipped":0,"pct":100},"statements":{"total":8,"covered":8,"skipped":0,"pct":100},"branches":{"total":0,"covered":0,"skipped":0,"pct":100}}
,"C:\\Users\\diego\\OneDrive\\Documentos\\backend\\backend_innovatech\\backend\\bff\\src\\presentation\\http\\routes\\frontendProyectosRoutes.ts": {"lines":{"total":9,"covered":9,"skipped":0,"pct":100},"functions":{"total":0,"covered":0,"skipped":0,"pct":100},"statements":{"total":9,"covered":9,"skipped":0,"pct":100},"branches":{"total":0,"covered":0,"skipped":0,"pct":100}}
,"C:\\Users\\diego\\OneDrive\\Documentos\\backend\\backend_innovatech\\backend\\bff\\src\\presentation\\http\\routes\\protectedProjectManagerRoutes.ts": {"lines":{"total":26,"covered":26,"skipped":0,"pct":100},"functions":{"total":1,"covered":1,"skipped":0,"pct":100},"statements":{"total":26,"covered":26,"skipped":0,"pct":100},"branches":{"total":0,"covered":0,"skipped":0,"pct":100}}
,"C:\\Users\\diego\\OneDrive\\Documentos\\backend\\backend_innovatech\\backend\\bff\\src\\presentation\\http\\routes\\publicSessionRoutes.ts": {"lines":{"total":7,"covered":7,"skipped":0,"pct":100},"functions":{"total":0,"covered":0,"skipped":0,"pct":100},"statements":{"total":7,"covered":7,"skipped":0,"pct":100},"branches":{"total":0,"covered":0,"skipped":0,"pct":100}}
,"C:\\Users\\diego\\OneDrive\\Documentos\\backend\\backend_innovatech\\backend\\bff\\src\\utils\\errorHandler.ts": {"lines":{"total":10,"covered":10,"skipped":0,"pct":100},"functions":{"total":3,"covered":3,"skipped":0,"pct":100},"statements":{"total":10,"covered":10,"skipped":0,"pct":100},"branches":{"total":1,"covered":0,"skipped":0,"pct":0}}
,"C:\\Users\\diego\\OneDrive\\Documentos\\backend\\backend_innovatech\\backend\\bff\\src\\utils\\responseUtil.ts": {"lines":{"total":17,"covered":16,"skipped":0,"pct":94.11},"functions":{"total":2,"covered":2,"skipped":0,"pct":100},"statements":{"total":17,"covered":16,"skipped":0,"pct":94.11},"branches":{"total":9,"covered":9,"skipped":0,"pct":100}}
}
