{"total": {"lines":{"total":82,"covered":36,"skipped":0,"pct":43.9},"statements":{"total":94,"covered":39,"skipped":0,"pct":41.48},"functions":{"total":21,"covered":13,"skipped":0,"pct":61.9},"branches":{"total":85,"covered":34,"skipped":0,"pct":40},"branchesTrue":{"total":0,"covered":0,"skipped":0,"pct":100}}
,"C:\\Users\\Asus\\Downloads\\backend_innovatech_devops-main\\backend_innovatech\\backend\\bff\\src\\application\\transformers\\frontendResponseTransformers.ts": {"lines":{"total":26,"covered":24,"skipped":0,"pct":92.3},"functions":{"total":10,"covered":9,"skipped":0,"pct":90},"statements":{"total":35,"covered":27,"skipped":0,"pct":77.14},"branches":{"total":52,"covered":32,"skipped":0,"pct":61.53}}
,"C:\\Users\\Asus\\Downloads\\backend_innovatech_devops-main\\backend_innovatech\\backend\\bff\\src\\infrastructure\\http\\httpUpstream.ts": {"lines":{"total":23,"covered":3,"skipped":0,"pct":13.04},"functions":{"total":3,"covered":1,"skipped":0,"pct":33.33},"statements":{"total":25,"covered":3,"skipped":0,"pct":12},"branches":{"total":21,"covered":2,"skipped":0,"pct":9.52}}
,"C:\\Users\\Asus\\Downloads\\backend_innovatech_devops-main\\backend_innovatech\\backend\\bff\\src\\presentation\\http\\middlewares\\requireRoleMiddleware.ts": {"lines":{"total":9,"covered":0,"skipped":0,"pct":0},"functions":{"total":3,"covered":0,"skipped":0,"pct":0},"statements":{"total":10,"covered":0,"skipped":0,"pct":0},"branches":{"total":2,"covered":0,"skipped":0,"pct":0}}
,"C:\\Users\\Asus\\Downloads\\backend_innovatech_devops-main\\backend_innovatech\\backend\\bff\\src\\utils\\errorHandler.ts": {"lines":{"total":9,"covered":9,"skipped":0,"pct":100},"functions":{"total":3,"covered":3,"skipped":0,"pct":100},"statements":{"total":9,"covered":9,"skipped":0,"pct":100},"branches":{"total":1,"covered":0,"skipped":0,"pct":0}}
,"C:\\Users\\Asus\\Downloads\\backend_innovatech_devops-main\\backend_innovatech\\backend\\bff\\src\\utils\\responseUtil.ts": {"lines":{"total":15,"covered":0,"skipped":0,"pct":0},"functions":{"total":2,"covered":0,"skipped":0,"pct":0},"statements":{"total":15,"covered":0,"skipped":0,"pct":0},"branches":{"total":9,"covered":0,"skipped":0,"pct":0}}
}
