TN:
SF:src\application\transformers\frontendResponseTransformers.ts
FN:4,normalizeRoleKey
FN:9,toResponsable
FN:22,buildUsuarioSesion
FN:25,(anonymous_3)
FN:39,toProyecto
FN:56,toTarea
FN:73,buildResumenTareas
FN:74,(anonymous_7)
FN:87,extractAuthUser
FN:92,extractRolesCatalog
FNF:10
FNH:9
FNDA:2,normalizeRoleKey
FNDA:2,toResponsable
FNDA:1,buildUsuarioSesion
FNDA:1,(anonymous_3)
FNDA:1,toProyecto
FNDA:1,toTarea
FNDA:1,buildResumenTareas
FNDA:4,(anonymous_7)
FNDA:0,extractAuthUser
FNDA:1,extractRolesCatalog
DA:2,1
DA:5,2
DA:6,2
DA:10,2
DA:11,1
DA:12,1
DA:13,1
DA:14,1
DA:23,1
DA:24,1
DA:25,1
DA:27,1
DA:40,1
DA:41,1
DA:57,1
DA:58,1
DA:74,4
DA:75,1
DA:76,3
DA:77,3
DA:78,3
DA:81,1
DA:88,0
DA:89,0
DA:93,1
DA:94,1
LF:26
LH:24
BRDA:5,0,0,0
BRDA:5,1,0,2
BRDA:5,1,1,2
BRDA:10,2,0,1
BRDA:10,3,0,2
BRDA:10,3,1,1
BRDA:13,4,0,0
BRDA:16,5,0,1
BRDA:16,5,1,0
BRDA:17,6,0,1
BRDA:17,6,1,0
BRDA:18,7,0,1
BRDA:18,7,1,0
BRDA:24,8,0,1
BRDA:24,8,1,0
BRDA:28,9,0,1
BRDA:28,9,1,0
BRDA:29,10,0,1
BRDA:29,10,1,0
BRDA:31,11,0,1
BRDA:31,11,1,0
BRDA:32,12,0,1
BRDA:32,12,1,0
BRDA:40,13,0,0
BRDA:46,14,0,1
BRDA:46,14,1,0
BRDA:47,15,0,1
BRDA:47,15,1,1
BRDA:48,16,0,1
BRDA:48,16,1,0
BRDA:49,17,0,1
BRDA:49,17,1,1
BRDA:57,18,0,0
BRDA:62,19,0,1
BRDA:62,19,1,0
BRDA:63,20,0,1
BRDA:63,20,1,0
BRDA:66,21,0,1
BRDA:66,21,1,1
BRDA:67,22,0,1
BRDA:67,22,1,1
BRDA:68,23,0,1
BRDA:68,23,1,1
BRDA:69,24,0,1
BRDA:69,24,1,1
BRDA:76,25,0,3
BRDA:76,25,1,0
BRDA:77,26,0,3
BRDA:88,27,0,0
BRDA:93,28,0,0
BRDA:94,29,0,1
BRDA:94,29,1,0
BRF:52
BRH:32
end_of_record
TN:
SF:src\infrastructure\http\httpUpstream.ts
FN:10,joinUrl
FN:16,parseResponseBody
FN:34,upstreamJson
FNF:3
FNH:1
FNDA:2,joinUrl
FNDA:0,parseResponseBody
FNDA:0,upstreamJson
DA:11,2
DA:12,2
DA:13,2
DA:17,0
DA:18,0
DA:19,0
DA:20,0
DA:21,0
DA:22,0
DA:23,0
DA:25,0
DA:28,0
DA:35,0
DA:36,0
DA:37,0
DA:38,0
DA:39,0
DA:40,0
DA:43,0
DA:44,0
DA:45,0
DA:46,0
DA:48,0
LF:23
LH:3
BRDA:12,0,0,1
BRDA:12,0,1,1
BRDA:17,1,0,0
BRDA:19,2,0,0
BRDA:20,3,0,0
BRDA:20,3,1,0
BRDA:21,4,0,0
BRDA:34,5,0,0
BRDA:34,6,0,0
BRDA:34,7,0,0
BRDA:37,8,0,0
BRDA:37,9,0,0
BRDA:37,9,1,0
BRDA:37,9,2,0
BRDA:37,9,3,0
BRDA:38,10,0,0
BRDA:38,10,1,0
BRDA:39,11,0,0
BRDA:39,12,0,0
BRDA:39,12,1,0
BRDA:45,13,0,0
BRF:21
BRH:2
end_of_record
TN:
SF:src\presentation\http\middlewares\requireRoleMiddleware.ts
FN:5,requireRole
FN:6,(anonymous_1)
FN:16,(anonymous_2)
FNF:3
FNH:0
FNDA:0,requireRole
FNDA:0,(anonymous_1)
FNDA:0,(anonymous_2)
DA:6,0
DA:7,0
DA:9,0
DA:10,0
DA:15,0
DA:16,0
DA:17,0
DA:18,0
DA:23,0
LF:9
LH:0
BRDA:9,0,0,0
BRDA:17,1,0,0
BRF:2
BRH:0
end_of_record
TN:
SF:src\utils\errorHandler.ts
FN:5,(anonymous_0)
FN:15,(anonymous_1)
FN:26,(anonymous_2)
FNF:3
FNH:3
FNDA:1,(anonymous_0)
FNDA:1,(anonymous_1)
FNDA:1,(anonymous_2)
DA:6,1
DA:7,1
DA:8,1
DA:16,1
DA:17,1
DA:27,1
DA:28,1
DA:29,1
DA:30,1
LF:9
LH:9
BRDA:5,0,0,0
BRF:1
BRH:0
end_of_record
TN:
SF:src\utils\responseUtil.ts
FN:4,handleNotFound
FN:8,handleError
FNF:2
FNH:0
FNDA:0,handleNotFound
FNDA:0,handleError
DA:5,0
DA:9,0
DA:11,0
DA:12,0
DA:18,0
DA:19,0
DA:24,0
DA:25,0
DA:26,0
DA:28,0
DA:29,0
DA:31,0
DA:32,0
DA:34,0
DA:37,0
LF:15
LH:0
BRDA:11,0,0,0
BRDA:18,1,0,0
BRDA:24,2,0,0
BRDA:25,3,0,0
BRDA:28,4,0,0
BRDA:28,5,0,0
BRDA:28,5,1,0
BRDA:28,5,2,0
BRDA:31,6,0,0
BRF:9
BRH:0
end_of_record
