TN:
SF:src\application\auth\authOrchestrationService.ts
FN:8,(anonymous_0)
FN:12,(anonymous_1)
FN:16,(anonymous_2)
FN:20,(anonymous_3)
FN:24,(anonymous_4)
FN:28,(anonymous_5)
FN:32,(anonymous_6)
FN:36,(anonymous_7)
FNF:8
FNH:3
FNDA:1,(anonymous_0)
FNDA:1,(anonymous_1)
FNDA:0,(anonymous_2)
FNDA:0,(anonymous_3)
FNDA:0,(anonymous_4)
FNDA:0,(anonymous_5)
FNDA:1,(anonymous_6)
FNDA:0,(anonymous_7)
DA:2,2
DA:7,2
DA:9,1
DA:13,1
DA:17,0
DA:21,0
DA:25,0
DA:29,0
DA:33,1
DA:37,0
DA:41,2
LF:11
LH:6
BRF:0
BRH:0
end_of_record
TN:
SF:src\application\projectManager\projectManagerOrchestrationService.ts
FN:8,(anonymous_0)
FNF:1
FNH:1
FNDA:1,(anonymous_0)
DA:2,1
DA:7,1
DA:9,1
DA:13,1
LF:4
LH:4
BRF:0
BRH:0
end_of_record
TN:
SF:src\application\proyectos\proyectosOrchestrationService.ts
FN:14,loadUserMap
FN:16,(anonymous_1)
FN:19,(anonymous_2)
FN:35,collectAssigneeIdsFromProjects
FN:36,(anonymous_4)
FN:39,collectAssigneeIdsFromTasks
FN:40,(anonymous_6)
FN:47,(anonymous_7)
FN:59,(anonymous_8)
FN:66,(anonymous_9)
FN:70,(anonymous_10)
FNF:11
FNH:0
FNDA:0,loadUserMap
FNDA:0,(anonymous_1)
FNDA:0,(anonymous_2)
FNDA:0,collectAssigneeIdsFromProjects
FNDA:0,(anonymous_4)
FNDA:0,collectAssigneeIdsFromTasks
FNDA:0,(anonymous_6)
FNDA:0,(anonymous_7)
FNDA:0,(anonymous_8)
FNDA:0,(anonymous_9)
FNDA:0,(anonymous_10)
DA:2,1
DA:3,1
DA:4,1
DA:12,1
DA:15,0
DA:16,0
DA:18,0
DA:20,0
DA:21,0
DA:22,0
DA:23,0
DA:25,0
DA:26,0
DA:32,0
DA:36,0
DA:40,0
DA:43,1
DA:48,0
DA:53,0
DA:54,0
DA:55,0
DA:57,0
DA:59,0
DA:67,0
DA:68,0
DA:69,0
DA:70,0
DA:72,0
DA:80,1
LF:29
LH:6
BRDA:16,0,0,0
BRDA:16,0,1,0
BRDA:23,1,0,0
BRDA:25,2,0,0
BRDA:25,3,0,0
BRDA:25,3,1,0
BRDA:53,4,0,0
BRDA:53,4,1,0
BRDA:55,5,0,0
BRDA:55,5,1,0
BRDA:68,6,0,0
BRDA:68,6,1,0
BRF:12
BRH:0
end_of_record
TN:
SF:src\application\transformers\frontendResponseTransformers.ts
FN:4,normalizeRoleKey
FN:9,toResponsable
FN:22,buildUsuarioSesion
FN:25,(anonymous_3)
FN:39,toProyecto
FN:56,toTarea
FN:73,buildResumenTareas
FN:74,(anonymous_7)
FN:87,extractAuthUser
FN:92,extractRolesCatalog
FNF:10
FNH:9
FNDA:2,normalizeRoleKey
FNDA:2,toResponsable
FNDA:1,buildUsuarioSesion
FNDA:1,(anonymous_3)
FNDA:1,toProyecto
FNDA:1,toTarea
FNDA:1,buildResumenTareas
FNDA:4,(anonymous_7)
FNDA:0,extractAuthUser
FNDA:1,extractRolesCatalog
DA:2,2
DA:5,2
DA:6,2
DA:10,2
DA:11,1
DA:12,1
DA:13,1
DA:14,1
DA:23,1
DA:24,1
DA:25,1
DA:27,1
DA:40,1
DA:41,1
DA:57,1
DA:58,1
DA:74,4
DA:75,1
DA:76,3
DA:77,3
DA:78,3
DA:81,1
DA:88,0
DA:89,0
DA:93,1
DA:94,1
DA:97,2
LF:27
LH:25
BRDA:5,0,0,0
BRDA:5,1,0,2
BRDA:5,1,1,2
BRDA:10,2,0,1
BRDA:10,3,0,2
BRDA:10,3,1,1
BRDA:13,4,0,0
BRDA:16,5,0,1
BRDA:16,5,1,0
BRDA:17,6,0,1
BRDA:17,6,1,0
BRDA:18,7,0,1
BRDA:18,7,1,0
BRDA:24,8,0,1
BRDA:24,8,1,0
BRDA:28,9,0,1
BRDA:28,9,1,0
BRDA:29,10,0,1
BRDA:29,10,1,0
BRDA:31,11,0,1
BRDA:31,11,1,0
BRDA:32,12,0,1
BRDA:32,12,1,0
BRDA:40,13,0,0
BRDA:46,14,0,1
BRDA:46,14,1,0
BRDA:47,15,0,1
BRDA:47,15,1,1
BRDA:48,16,0,1
BRDA:48,16,1,0
BRDA:49,17,0,1
BRDA:49,17,1,1
BRDA:57,18,0,0
BRDA:62,19,0,1
BRDA:62,19,1,0
BRDA:63,20,0,1
BRDA:63,20,1,0
BRDA:66,21,0,1
BRDA:66,21,1,1
BRDA:67,22,0,1
BRDA:67,22,1,1
BRDA:68,23,0,1
BRDA:68,23,1,1
BRDA:69,24,0,1
BRDA:69,24,1,1
BRDA:76,25,0,3
BRDA:76,25,1,0
BRDA:77,26,0,3
BRDA:88,27,0,0
BRDA:93,28,0,0
BRDA:94,29,0,1
BRDA:94,29,1,0
BRF:52
BRH:32
end_of_record
TN:
SF:src\config\index.ts
FN:6,(anonymous_0)
FNF:1
FNH:1
FNDA:2,(anonymous_0)
DA:2,1
DA:4,1
DA:6,2
DA:8,1
LF:4
LH:4
BRDA:6,0,0,2
BRDA:6,0,1,0
BRDA:6,0,2,0
BRDA:9,1,0,1
BRDA:9,1,1,0
BRDA:9,2,0,1
BRDA:9,2,1,0
BRDA:10,3,0,1
BRDA:10,3,1,1
BRDA:11,4,0,1
BRDA:11,4,1,0
BRDA:11,5,0,1
BRDA:11,5,1,0
BRDA:15,6,0,1
BRDA:15,6,1,0
BRDA:15,7,0,1
BRDA:15,7,1,0
BRDA:19,8,0,1
BRDA:19,8,1,0
BRDA:19,9,0,1
BRDA:19,9,1,0
BRF:21
BRH:11
end_of_record
TN:
SF:src\infrastructure\clients\authUpstreamClient.ts
FN:5,pickForwardHeaders
FN:14,(anonymous_1)
FN:18,(anonymous_2)
FN:22,(anonymous_3)
FN:26,(anonymous_4)
FN:33,(anonymous_5)
FN:37,(anonymous_6)
FN:41,(anonymous_7)
FN:49,(anonymous_8)
FN:53,(anonymous_9)
FNF:10
FNH:0
FNDA:0,pickForwardHeaders
FNDA:0,(anonymous_1)
FNDA:0,(anonymous_2)
FNDA:0,(anonymous_3)
FNDA:0,(anonymous_4)
FNDA:0,(anonymous_5)
FNDA:0,(anonymous_6)
FNDA:0,(anonymous_7)
FNDA:0,(anonymous_8)
FNDA:0,(anonymous_9)
DA:2,1
DA:3,1
DA:6,0
DA:7,0
DA:8,0
DA:10,0
DA:13,1
DA:15,0
DA:19,0
DA:23,0
DA:27,0
DA:34,0
DA:38,0
DA:42,0
DA:50,0
DA:54,0
DA:61,1
LF:17
LH:4
BRDA:7,0,0,0
BRF:1
BRH:0
end_of_record
TN:
SF:src\infrastructure\clients\projectManagerUpstreamClient.ts
FN:5,pickForwardHeaders
FN:15,shouldSendJsonBody
FN:22,authHeaders
FN:27,(anonymous_3)
FN:35,(anonymous_4)
FN:46,(anonymous_5)
FNF:6
FNH:3
FNDA:1,pickForwardHeaders
FNDA:1,shouldSendJsonBody
FNDA:0,authHeaders
FNDA:0,(anonymous_3)
FNDA:0,(anonymous_4)
FNDA:1,(anonymous_5)
DA:2,1
DA:3,1
DA:6,1
DA:7,1
DA:8,0
DA:10,1
DA:11,1
DA:12,1
DA:16,1
DA:17,0
DA:18,0
DA:19,0
DA:23,0
DA:26,1
DA:28,0
DA:29,0
DA:36,0
DA:37,0
DA:47,1
DA:48,1
DA:49,1
DA:50,1
DA:51,1
DA:59,1
LF:24
LH:15
BRDA:7,0,0,0
BRDA:11,1,0,0
BRDA:16,2,0,1
BRDA:16,3,0,1
BRDA:16,3,1,0
BRDA:17,4,0,0
BRDA:17,5,0,0
BRDA:17,5,1,0
BRDA:18,6,0,0
BRDA:18,7,0,0
BRDA:18,7,1,0
BRDA:47,8,0,1
BRDA:47,8,1,0
BRDA:47,8,2,0
BRDA:49,9,0,1
BRDA:49,9,1,0
BRDA:50,10,0,0
BRDA:50,10,1,1
BRF:18
BRH:5
end_of_record
TN:
SF:src\infrastructure\http\httpUpstream.ts
FN:10,joinUrl
FN:16,parseResponseBody
FN:34,upstreamJson
FNF:3
FNH:3
FNDA:3,joinUrl
FNDA:4,parseResponseBody
FNDA:5,upstreamJson
DA:2,3
DA:11,3
DA:12,3
DA:13,3
DA:17,4
DA:18,3
DA:19,3
DA:20,3
DA:21,3
DA:22,2
DA:23,2
DA:25,0
DA:28,1
DA:35,5
DA:36,5
DA:37,5
DA:38,0
DA:39,0
DA:40,0
DA:43,5
DA:44,4
DA:45,4
DA:46,1
DA:48,3
DA:51,3
LF:25
LH:21
BRDA:12,0,0,2
BRDA:12,0,1,1
BRDA:17,1,0,1
BRDA:19,2,0,0
BRDA:20,3,0,3
BRDA:20,3,1,0
BRDA:21,4,0,2
BRDA:34,5,0,4
BRDA:34,6,0,4
BRDA:34,7,0,4
BRDA:37,8,0,0
BRDA:37,9,0,5
BRDA:37,9,1,0
BRDA:37,9,2,0
BRDA:37,9,3,0
BRDA:38,10,0,0
BRDA:38,10,1,0
BRDA:39,11,0,0
BRDA:39,12,0,0
BRDA:39,12,1,0
BRDA:45,13,0,1
BRF:21
BRH:10
end_of_record
TN:
SF:src\presentation\http\gateway\apiGateway.ts
FNF:0
FNH:0
DA:2,1
DA:3,1
DA:4,1
DA:5,1
DA:6,1
DA:7,1
DA:13,1
DA:15,1
DA:16,1
DA:17,1
DA:18,1
DA:19,1
DA:21,1
LF:13
LH:13
BRF:0
BRH:0
end_of_record
TN:
SF:src\presentation\http\middlewares\jwtAuthMiddleware.ts
FN:16,jwtAuthMiddleware
FNF:1
FNH:1
FNDA:4,jwtAuthMiddleware
DA:18,4
DA:19,4
DA:20,4
DA:23,4
DA:24,2
DA:25,2
DA:32,2
DA:38,2
DA:39,2
DA:42,1
LF:10
LH:10
BRDA:23,0,0,2
BRDA:23,1,0,4
BRDA:23,1,1,2
BRDA:23,1,2,2
BRF:4
BRH:4
end_of_record
TN:
SF:src\presentation\http\middlewares\requireRoleMiddleware.ts
FN:5,requireRole
FN:6,(anonymous_1)
FN:16,(anonymous_2)
FNF:3
FNH:3
FNDA:22,requireRole
FNDA:4,(anonymous_1)
FNDA:6,(anonymous_2)
DA:6,22
DA:7,4
DA:9,4
DA:10,1
DA:15,3
DA:16,6
DA:17,3
DA:18,1
DA:23,2
DA:27,2
LF:10
LH:10
BRDA:9,0,0,1
BRDA:17,1,0,1
BRF:2
BRH:2
end_of_record
TN:
SF:src\presentation\http\routes\authProtectedOrchestrationRoutes.ts
FNF:0
FNH:0
DA:2,1
DA:3,1
DA:4,1
DA:7,1
DA:9,1
DA:11,1
DA:12,1
DA:14,1
LF:8
LH:8
BRF:0
BRH:0
end_of_record
TN:
SF:src\presentation\http\routes\authPublicOrchestrationRoutes.ts
FNF:0
FNH:0
DA:2,1
DA:3,1
DA:6,1
DA:8,1
DA:9,1
DA:10,1
DA:11,1
DA:12,1
DA:14,1
LF:9
LH:9
BRF:0
BRH:0
end_of_record
TN:
SF:src\presentation\http\routes\frontendProyectosRoutes.ts
FNF:0
FNH:0
DA:2,1
DA:3,1
DA:4,1
DA:5,1
DA:10,1
DA:12,1
DA:14,1
DA:20,1
DA:26,1
LF:9
LH:9
BRF:0
BRH:0
end_of_record
TN:
SF:src\presentation\http\routes\protectedProjectManagerRoutes.ts
FN:7,(anonymous_0)
FNF:1
FNH:1
FNDA:1,(anonymous_0)
DA:2,1
DA:3,1
DA:4,1
DA:5,1
DA:7,1
DA:8,1
DA:13,1
DA:15,1
DA:17,1
DA:23,1
DA:28,1
DA:33,1
DA:38,1
DA:43,1
DA:49,1
DA:54,1
DA:59,1
DA:60,1
DA:61,1
DA:62,1
DA:63,1
DA:65,1
DA:70,1
DA:71,1
DA:72,1
DA:74,1
LF:26
LH:26
BRF:0
BRH:0
end_of_record
TN:
SF:src\presentation\http\routes\publicSessionRoutes.ts
FNF:0
FNH:0
DA:2,1
DA:3,1
DA:4,1
DA:11,1
DA:13,1
DA:14,1
DA:16,1
LF:7
LH:7
BRF:0
BRH:0
end_of_record
TN:
SF:src\utils\errorHandler.ts
FN:5,(anonymous_0)
FN:15,(anonymous_1)
FN:26,(anonymous_2)
FNF:3
FNH:3
FNDA:3,(anonymous_0)
FNDA:2,(anonymous_1)
FNDA:5,(anonymous_2)
DA:6,3
DA:7,3
DA:8,3
DA:16,2
DA:17,2
DA:27,5
DA:28,5
DA:29,5
DA:30,5
DA:34,5
LF:10
LH:10
BRDA:5,0,0,0
BRF:1
BRH:0
end_of_record
TN:
SF:src\utils\responseUtil.ts
FN:4,handleNotFound
FN:8,handleError
FNF:2
FNH:2
FNDA:2,handleNotFound
FNDA:7,handleError
DA:2,2
DA:5,2
DA:9,7
DA:11,7
DA:12,1
DA:18,6
DA:19,1
DA:24,5
DA:25,3
DA:26,1
DA:28,2
DA:29,1
DA:31,1
DA:32,1
DA:34,0
DA:37,2
DA:42,2
LF:17
LH:16
BRDA:11,0,0,1
BRDA:18,1,0,1
BRDA:24,2,0,3
BRDA:25,3,0,1
BRDA:28,4,0,1
BRDA:28,5,0,2
BRDA:28,5,1,2
BRDA:28,5,2,2
BRDA:31,6,0,1
BRF:9
BRH:9
end_of_record
