{"total": {"lines":{"total":387,"covered":320,"skipped":0,"pct":82.68},"statements":{"total":428,"covered":340,"skipped":0,"pct":79.43},"functions":{"total":54,"covered":47,"skipped":0,"pct":87.03},"branches":{"total":306,"covered":197,"skipped":0,"pct":64.37},"branchesTrue":{"total":0,"covered":0,"skipped":0,"pct":100}}
,"C:\\Users\\diego\\OneDrive\\Documentos\\backend\\backend_innovatech\\backend\\ms-project-manager\\src\\clients\\authServiceClient.ts": {"lines":{"total":15,"covered":6,"skipped":0,"pct":40},"functions":{"total":2,"covered":1,"skipped":0,"pct":50},"statements":{"total":15,"covered":6,"skipped":0,"pct":40},"branches":{"total":4,"covered":1,"skipped":0,"pct":25}}
,"C:\\Users\\diego\\OneDrive\\Documentos\\backend\\backend_innovatech\\backend\\ms-project-manager\\src\\config\\index.ts": {"lines":{"total":6,"covered":6,"skipped":0,"pct":100},"functions":{"total":1,"covered":1,"skipped":0,"pct":100},"statements":{"total":6,"covered":6,"skipped":0,"pct":100},"branches":{"total":26,"covered":21,"skipped":0,"pct":80.76}}
,"C:\\Users\\diego\\OneDrive\\Documentos\\backend\\backend_innovatech\\backend\\ms-project-manager\\src\\constants\\taskStatuses.ts": {"lines":{"total":11,"covered":11,"skipped":0,"pct":100},"functions":{"total":3,"covered":3,"skipped":0,"pct":100},"statements":{"total":14,"covered":12,"skipped":0,"pct":85.71},"branches":{"total":7,"covered":5,"skipped":0,"pct":71.42}}
,"C:\\Users\\diego\\OneDrive\\Documentos\\backend\\backend_innovatech\\backend\\ms-project-manager\\src\\dtos\\projectDto.ts": {"lines":{"total":20,"covered":9,"skipped":0,"pct":45},"functions":{"total":5,"covered":3,"skipped":0,"pct":60},"statements":{"total":25,"covered":11,"skipped":0,"pct":44},"branches":{"total":25,"covered":8,"skipped":0,"pct":32}}
,"C:\\Users\\diego\\OneDrive\\Documentos\\backend\\backend_innovatech\\backend\\ms-project-manager\\src\\dtos\\taskDto.ts": {"lines":{"total":18,"covered":17,"skipped":0,"pct":94.44},"functions":{"total":4,"covered":4,"skipped":0,"pct":100},"statements":{"total":22,"covered":19,"skipped":0,"pct":86.36},"branches":{"total":26,"covered":19,"skipped":0,"pct":73.07}}
,"C:\\Users\\diego\\OneDrive\\Documentos\\backend\\backend_innovatech\\backend\\ms-project-manager\\src\\gateway\\apiGateway.ts": {"lines":{"total":9,"covered":9,"skipped":0,"pct":100},"functions":{"total":0,"covered":0,"skipped":0,"pct":100},"statements":{"total":9,"covered":9,"skipped":0,"pct":100},"branches":{"total":0,"covered":0,"skipped":0,"pct":100}}
,"C:\\Users\\diego\\OneDrive\\Documentos\\backend\\backend_innovatech\\backend\\ms-project-manager\\src\\middlewares\\authMiddleware.ts": {"lines":{"total":23,"covered":20,"skipped":0,"pct":86.95},"functions":{"total":1,"covered":1,"skipped":0,"pct":100},"statements":{"total":23,"covered":20,"skipped":0,"pct":86.95},"branches":{"total":5,"covered":5,"skipped":0,"pct":100}}
,"C:\\Users\\diego\\OneDrive\\Documentos\\backend\\backend_innovatech\\backend\\ms-project-manager\\src\\middlewares\\roleMiddleware.ts": {"lines":{"total":10,"covered":10,"skipped":0,"pct":100},"functions":{"total":3,"covered":3,"skipped":0,"pct":100},"statements":{"total":11,"covered":11,"skipped":0,"pct":100},"branches":{"total":2,"covered":2,"skipped":0,"pct":100}}
,"C:\\Users\\diego\\OneDrive\\Documentos\\backend\\backend_innovatech\\backend\\ms-project-manager\\src\\routes\\consultationRoutes.ts": {"lines":{"total":8,"covered":8,"skipped":0,"pct":100},"functions":{"total":0,"covered":0,"skipped":0,"pct":100},"statements":{"total":8,"covered":8,"skipped":0,"pct":100},"branches":{"total":0,"covered":0,"skipped":0,"pct":100}}
,"C:\\Users\\diego\\OneDrive\\Documentos\\backend\\backend_innovatech\\backend\\ms-project-manager\\src\\routes\\projectRoutes.ts": {"lines":{"total":21,"covered":21,"skipped":0,"pct":100},"functions":{"total":0,"covered":0,"skipped":0,"pct":100},"statements":{"total":21,"covered":21,"skipped":0,"pct":100},"branches":{"total":0,"covered":0,"skipped":0,"pct":100}}
,"C:\\Users\\diego\\OneDrive\\Documentos\\backend\\backend_innovatech\\backend\\ms-project-manager\\src\\routes\\taskRoutes.ts": {"lines":{"total":12,"covered":12,"skipped":0,"pct":100},"functions":{"total":0,"covered":0,"skipped":0,"pct":100},"statements":{"total":12,"covered":12,"skipped":0,"pct":100},"branches":{"total":0,"covered":0,"skipped":0,"pct":100}}
,"C:\\Users\\diego\\OneDrive\\Documentos\\backend\\backend_innovatech\\backend\\ms-project-manager\\src\\services\\consultationService.ts": {"lines":{"total":14,"covered":14,"skipped":0,"pct":100},"functions":{"total":4,"covered":4,"skipped":0,"pct":100},"statements":{"total":18,"covered":18,"skipped":0,"pct":100},"branches":{"total":4,"covered":3,"skipped":0,"pct":75}}
,"C:\\Users\\diego\\OneDrive\\Documentos\\backend\\backend_innovatech\\backend\\ms-project-manager\\src\\services\\projectService.ts": {"lines":{"total":33,"covered":25,"skipped":0,"pct":75.75},"functions":{"total":7,"covered":5,"skipped":0,"pct":71.42},"statements":{"total":42,"covered":28,"skipped":0,"pct":66.66},"branches":{"total":30,"covered":17,"skipped":0,"pct":56.66}}
,"C:\\Users\\diego\\OneDrive\\Documentos\\backend\\backend_innovatech\\backend\\ms-project-manager\\src\\services\\resourceAvailabilityService.ts": {"lines":{"total":18,"covered":12,"skipped":0,"pct":66.66},"functions":{"total":3,"covered":2,"skipped":0,"pct":66.66},"statements":{"total":23,"covered":14,"skipped":0,"pct":60.86},"branches":{"total":13,"covered":7,"skipped":0,"pct":53.84}}
,"C:\\Users\\diego\\OneDrive\\Documentos\\backend\\backend_innovatech\\backend\\ms-project-manager\\src\\services\\taskService.ts": {"lines":{"total":46,"covered":37,"skipped":0,"pct":80.43},"functions":{"total":7,"covered":6,"skipped":0,"pct":85.71},"statements":{"total":54,"covered":40,"skipped":0,"pct":74.07},"branches":{"total":44,"covered":30,"skipped":0,"pct":68.18}}
,"C:\\Users\\diego\\OneDrive\\Documentos\\backend\\backend_innovatech\\backend\\ms-project-manager\\src\\services\\validationService.ts": {"lines":{"total":106,"covered":86,"skipped":0,"pct":81.13},"functions":{"total":8,"covered":8,"skipped":0,"pct":100},"statements":{"total":108,"covered":88,"skipped":0,"pct":81.48},"branches":{"total":115,"covered":76,"skipped":0,"pct":66.08}}
,"C:\\Users\\diego\\OneDrive\\Documentos\\backend\\backend_innovatech\\backend\\ms-project-manager\\src\\utils\\errorHandler.ts": {"lines":{"total":8,"covered":8,"skipped":0,"pct":100},"functions":{"total":4,"covered":4,"skipped":0,"pct":100},"statements":{"total":8,"covered":8,"skipped":0,"pct":100},"branches":{"total":3,"covered":1,"skipped":0,"pct":33.33}}
,"C:\\Users\\diego\\OneDrive\\Documentos\\backend\\backend_innovatech\\backend\\ms-project-manager\\src\\utils\\responseUtil.ts": {"lines":{"total":9,"covered":9,"skipped":0,"pct":100},"functions":{"total":2,"covered":2,"skipped":0,"pct":100},"statements":{"total":9,"covered":9,"skipped":0,"pct":100},"branches":{"total":2,"covered":2,"skipped":0,"pct":100}}
}
