TN:
SF:src\clients\authServiceClient.ts
FN:8,getAuthHttpClient
FN:25,getAuthDependencyStatus
FNF:2
FNH:1
FNDA:0,getAuthHttpClient
FNDA:2,getAuthDependencyStatus
DA:3,2
DA:4,2
DA:9,0
DA:10,0
DA:18,0
DA:26,2
DA:27,2
DA:28,2
DA:31,0
DA:32,0
DA:34,0
DA:35,0
DA:36,0
DA:43,0
DA:52,2
LF:15
LH:6
BRDA:9,0,0,0
BRDA:27,1,0,2
BRDA:47,2,0,0
BRDA:47,2,1,0
BRF:4
BRH:1
end_of_record
TN:
SF:src\config\index.ts
FN:7,(anonymous_0)
FNF:1
FNH:1
FNDA:8,(anonymous_0)
DA:3,2
DA:5,2
DA:7,2
DA:8,8
DA:9,8
DA:12,2
LF:6
LH:6
BRDA:9,0,0,0
BRDA:9,0,1,8
BRDA:13,1,0,2
BRDA:13,1,1,0
BRDA:14,2,0,2
BRDA:14,2,1,2
BRDA:15,3,0,2
BRDA:15,3,1,0
BRDA:16,4,0,2
BRDA:16,4,1,2
BRDA:17,5,0,2
BRDA:17,5,1,0
BRDA:26,6,0,2
BRDA:26,6,1,2
BRDA:27,7,0,2
BRDA:27,7,1,2
BRDA:28,8,0,2
BRDA:28,8,1,2
BRDA:29,9,0,2
BRDA:29,9,1,2
BRDA:30,10,0,2
BRDA:30,10,1,2
BRDA:35,11,0,2
BRDA:35,11,1,0
BRDA:35,12,0,2
BRDA:35,12,1,2
BRF:26
BRH:21
end_of_record
TN:
SF:src\constants\taskStatuses.ts
FN:12,isValidTaskStatus
FN:17,normalizeTaskStatus
FN:22,isAllowedTaskStatusTransition
FNF:3
FNH:3
FNDA:5,isValidTaskStatus
FNDA:5,normalizeTaskStatus
FNDA:6,isAllowedTaskStatusTransition
DA:3,6
DA:10,6
DA:13,5
DA:14,5
DA:18,5
DA:23,6
DA:24,6
DA:25,6
DA:26,6
DA:27,5
DA:30,6
LF:11
LH:11
BRDA:13,0,0,0
BRDA:13,1,0,5
BRDA:13,1,1,5
BRDA:25,2,0,0
BRDA:25,3,0,6
BRDA:25,3,1,6
BRDA:26,4,0,1
BRF:7
BRH:5
end_of_record
TN:
SF:src\dtos\projectDto.ts
FN:3,formatDate
FN:10,createProjectDto
FN:19,projectToDto
FN:34,projectsToDto
FN:39,pickProjectScheduleFields
FNF:5
FNH:3
FNDA:2,formatDate
FNDA:1,createProjectDto
FNDA:1,projectToDto
FNDA:0,projectsToDto
FNDA:0,pickProjectScheduleFields
DA:4,2
DA:5,1
DA:6,1
DA:7,0
DA:11,1
DA:12,1
DA:13,1
DA:20,1
DA:22,1
DA:35,0
DA:36,0
DA:40,0
DA:41,0
DA:42,0
DA:43,0
DA:45,0
DA:46,0
DA:47,0
DA:49,0
DA:52,2
LF:20
LH:9
BRDA:4,0,0,1
BRDA:5,1,0,0
BRDA:6,2,0,1
BRDA:14,3,0,1
BRDA:14,3,1,0
BRDA:14,4,0,1
BRDA:14,4,1,0
BRDA:15,5,0,1
BRDA:15,5,1,0
BRDA:15,6,0,1
BRDA:15,6,1,0
BRDA:20,7,0,0
BRDA:26,8,0,1
BRDA:26,8,1,1
BRDA:35,9,0,0
BRDA:41,10,0,0
BRDA:43,11,0,0
BRDA:43,11,1,0
BRDA:43,12,0,0
BRDA:43,12,1,0
BRDA:45,13,0,0
BRDA:47,14,0,0
BRDA:47,14,1,0
BRDA:47,15,0,0
BRDA:47,15,1,0
BRF:25
BRH:8
end_of_record
TN:
SF:src\dtos\taskDto.ts
FN:3,formatDate
FN:10,createTaskDto
FN:25,taskToDto
FN:42,pickTaskScheduleFields
FNF:4
FNH:4
FNDA:4,formatDate
FNDA:1,createTaskDto
FNDA:2,taskToDto
FNDA:1,pickTaskScheduleFields
DA:4,4
DA:5,1
DA:6,1
DA:7,0
DA:11,1
DA:12,1
DA:13,1
DA:26,2
DA:27,2
DA:43,1
DA:44,1
DA:45,1
DA:46,1
DA:48,1
DA:49,1
DA:50,1
DA:52,1
DA:55,3
LF:18
LH:17
BRDA:4,0,0,3
BRDA:5,1,0,0
BRDA:6,2,0,1
BRDA:14,3,0,1
BRDA:14,3,1,0
BRDA:16,4,0,0
BRDA:16,4,1,1
BRDA:16,5,0,1
BRDA:16,5,1,1
BRDA:18,6,0,1
BRDA:18,6,1,0
BRDA:26,7,0,0
BRDA:33,8,0,2
BRDA:33,8,1,1
BRDA:34,9,0,2
BRDA:34,9,1,2
BRDA:44,10,0,1
BRDA:46,11,0,0
BRDA:46,11,1,1
BRDA:46,12,0,1
BRDA:46,12,1,1
BRDA:48,13,0,1
BRDA:50,14,0,1
BRDA:50,14,1,0
BRDA:50,15,0,1
BRDA:50,15,1,1
BRF:26
BRH:19
end_of_record
TN:
SF:src\gateway\apiGateway.ts
FNF:0
FNH:0
DA:3,1
DA:4,1
DA:5,1
DA:6,1
DA:8,1
DA:10,1
DA:11,1
DA:12,1
DA:14,1
LF:9
LH:9
BRF:0
BRH:0
end_of_record
TN:
SF:src\middlewares\authMiddleware.ts
FN:25,authMiddleware
FNF:1
FNH:1
FNDA:3,authMiddleware
DA:3,1
DA:4,1
DA:5,1
DA:8,1
DA:11,1
DA:12,1
DA:13,1
DA:14,1
DA:16,0
DA:17,0
DA:18,0
DA:26,3
DA:28,3
DA:29,1
DA:32,2
DA:34,2
DA:36,2
DA:40,1
DA:46,1
DA:47,1
DA:49,1
DA:50,1
DA:54,1
LF:23
LH:20
BRDA:28,0,0,1
BRDA:28,1,0,3
BRDA:28,1,1,2
BRDA:43,2,0,1
BRDA:43,2,1,1
BRF:5
BRH:5
end_of_record
TN:
SF:src\middlewares\roleMiddleware.ts
FN:3,requireRole
FN:4,(anonymous_1)
FN:14,(anonymous_2)
FNF:3
FNH:3
FNDA:20,requireRole
FNDA:4,(anonymous_1)
FNDA:6,(anonymous_2)
DA:4,20
DA:5,4
DA:7,4
DA:8,1
DA:13,3
DA:14,6
DA:15,3
DA:16,1
DA:21,2
DA:25,2
LF:10
LH:10
BRDA:7,0,0,1
BRDA:15,1,0,1
BRF:2
BRH:2
end_of_record
TN:
SF:src\routes\consultationRoutes.ts
FNF:0
FNH:0
DA:3,1
DA:4,1
DA:5,1
DA:6,1
DA:8,1
DA:10,1
DA:12,1
DA:18,1
LF:8
LH:8
BRF:0
BRH:0
end_of_record
TN:
SF:src\routes\projectRoutes.ts
FNF:0
FNH:0
DA:3,1
DA:4,1
DA:5,1
DA:6,1
DA:7,1
DA:8,1
DA:10,1
DA:12,1
DA:14,1
DA:20,1
DA:25,1
DA:30,1
DA:35,1
DA:40,1
DA:46,1
DA:52,1
DA:58,1
DA:60,1
DA:62,1
DA:68,1
DA:70,1
LF:21
LH:21
BRF:0
BRH:0
end_of_record
TN:
SF:src\routes\taskRoutes.ts
FNF:0
FNH:0
DA:3,1
DA:4,1
DA:5,1
DA:6,1
DA:7,1
DA:9,1
DA:11,1
DA:12,1
DA:17,1
DA:18,1
DA:23,1
DA:25,1
LF:12
LH:12
BRF:0
BRH:0
end_of_record
TN:
SF:src\services\consultationService.ts
FN:7,countByStatus
FN:8,(anonymous_1)
FN:17,(anonymous_2)
FN:20,(anonymous_3)
FNF:4
FNH:4
FNDA:1,countByStatus
FNDA:4,(anonymous_1)
FNDA:2,(anonymous_2)
FNDA:1,(anonymous_3)
DA:3,2
DA:4,2
DA:5,2
DA:8,4
DA:9,1
DA:10,1
DA:11,1
DA:13,1
DA:16,2
DA:18,2
DA:19,1
DA:20,1
DA:24,1
DA:33,2
LF:14
LH:14
BRDA:10,0,0,1
BRDA:10,0,1,0
BRDA:11,1,0,1
BRDA:18,2,0,1
BRF:4
BRH:3
end_of_record
TN:
SF:src\services\projectService.ts
FN:9,(anonymous_0)
FN:13,(anonymous_1)
FN:18,(anonymous_2)
FN:23,(anonymous_3)
FN:38,(anonymous_4)
FN:61,(anonymous_5)
FN:69,(anonymous_6)
FNF:7
FNH:5
FNDA:2,(anonymous_0)
FNDA:3,(anonymous_1)
FNDA:0,(anonymous_2)
FNDA:1,(anonymous_3)
FNDA:1,(anonymous_4)
FNDA:0,(anonymous_5)
FNDA:1,(anonymous_6)
DA:3,2
DA:4,2
DA:5,2
DA:6,2
DA:10,2
DA:14,3
DA:15,2
DA:19,0
DA:20,0
DA:24,1
DA:25,0
DA:28,1
DA:39,1
DA:41,1
DA:43,1
DA:49,1
DA:50,1
DA:51,1
DA:52,1
DA:53,1
DA:55,1
DA:57,1
DA:58,0
DA:62,0
DA:63,0
DA:65,0
DA:66,0
DA:70,1
DA:71,1
DA:72,1
DA:73,1
DA:74,1
DA:78,2
LF:33
LH:25
BRDA:9,0,0,2
BRDA:14,1,0,1
BRDA:19,2,0,0
BRDA:19,3,0,0
BRDA:19,3,1,0
BRDA:24,4,0,0
BRDA:24,5,0,1
BRDA:24,5,1,1
BRDA:24,5,2,1
BRDA:32,6,0,1
BRDA:32,6,1,1
BRDA:33,7,0,1
BRDA:33,7,1,1
BRDA:34,8,0,1
BRDA:34,8,1,1
BRDA:39,9,0,0
BRDA:39,10,0,1
BRDA:39,10,1,1
BRDA:50,11,0,1
BRDA:51,12,0,0
BRDA:52,13,0,0
BRDA:53,14,0,0
BRDA:57,15,0,1
BRDA:62,16,0,0
BRDA:62,17,0,0
BRDA:62,17,1,0
BRDA:62,17,2,0
BRDA:70,18,0,0
BRDA:70,19,0,1
BRDA:70,19,1,1
BRF:30
BRH:17
end_of_record
TN:
SF:src\services\resourceAvailabilityService.ts
FN:8,(anonymous_0)
FN:15,(anonymous_1)
FN:22,(anonymous_2)
FNF:3
FNH:2
FNDA:2,(anonymous_0)
FNDA:0,(anonymous_1)
FNDA:1,(anonymous_2)
DA:3,2
DA:4,2
DA:5,2
DA:7,2
DA:9,2
DA:10,2
DA:11,2
DA:12,1
DA:16,0
DA:17,0
DA:18,0
DA:19,0
DA:23,1
DA:24,0
DA:26,1
DA:27,1
DA:28,0
DA:32,2
LF:18
LH:12
BRDA:9,0,0,0
BRDA:9,1,0,2
BRDA:9,1,1,2
BRDA:11,2,0,1
BRDA:16,3,0,0
BRDA:16,4,0,0
BRDA:16,4,1,0
BRDA:18,5,0,0
BRDA:23,6,0,0
BRDA:23,7,0,1
BRDA:23,7,1,1
BRDA:23,7,2,1
BRDA:27,8,0,1
BRF:13
BRH:7
end_of_record
TN:
SF:src\services\taskService.ts
FN:12,(anonymous_0)
FN:28,(anonymous_1)
FN:34,(anonymous_2)
FN:41,(anonymous_3)
FN:62,(anonymous_4)
FN:80,(anonymous_5)
FN:90,(anonymous_6)
FNF:7
FNH:6
FNDA:2,(anonymous_0)
FNDA:2,(anonymous_1)
FNDA:0,(anonymous_2)
FNDA:2,(anonymous_3)
FNDA:1,(anonymous_4)
FNDA:1,(anonymous_5)
FNDA:2,(anonymous_6)
DA:3,2
DA:4,2
DA:8,2
DA:9,2
DA:13,2
DA:14,1
DA:16,1
DA:29,2
DA:30,1
DA:31,1
DA:35,0
DA:36,0
DA:38,0
DA:42,2
DA:43,0
DA:45,2
DA:50,2
DA:51,2
DA:52,1
DA:56,1
DA:57,1
DA:58,1
DA:59,1
DA:63,1
DA:64,1
DA:65,1
DA:66,1
DA:67,1
DA:68,1
DA:69,1
DA:73,0
DA:75,0
DA:76,0
DA:77,0
DA:81,1
DA:82,0
DA:84,1
DA:85,1
DA:86,1
DA:87,1
DA:91,2
DA:92,2
DA:93,2
DA:94,2
DA:95,1
DA:99,2
LF:46
LH:37
BRDA:13,0,0,1
BRDA:13,1,0,2
BRDA:13,1,1,1
BRDA:19,2,0,1
BRDA:19,2,1,0
BRDA:22,3,0,1
BRDA:22,3,1,1
BRDA:23,4,0,1
BRDA:23,4,1,1
BRDA:24,5,0,1
BRDA:24,5,1,1
BRDA:29,6,0,1
BRDA:29,7,0,2
BRDA:29,7,1,1
BRDA:35,8,0,0
BRDA:35,9,0,0
BRDA:35,9,1,0
BRDA:35,9,2,0
BRDA:42,10,0,0
BRDA:42,11,0,2
BRDA:42,11,1,2
BRDA:42,11,2,2
BRDA:42,11,3,2
BRDA:50,12,0,2
BRDA:50,12,1,0
BRDA:51,13,0,1
BRDA:58,14,0,0
BRDA:63,15,0,0
BRDA:63,16,0,1
BRDA:63,16,1,1
BRDA:65,17,0,1
BRDA:66,18,0,1
BRDA:66,18,1,0
BRDA:68,19,0,1
BRDA:76,20,0,0
BRDA:81,21,0,0
BRDA:81,22,0,1
BRDA:81,22,1,1
BRDA:81,22,2,1
BRDA:86,23,0,0
BRDA:91,24,0,0
BRDA:91,25,0,2
BRDA:91,25,1,2
BRDA:94,26,0,1
BRF:44
BRH:30
end_of_record
TN:
SF:src\services\validationService.ts
FN:4,(anonymous_0)
FN:8,(anonymous_1)
FN:19,(anonymous_2)
FN:48,(anonymous_3)
FN:87,(anonymous_4)
FN:116,(anonymous_5)
FN:133,(anonymous_6)
FN:187,(anonymous_7)
FNF:8
FNH:8
FNDA:41,(anonymous_0)
FNDA:15,(anonymous_1)
FNDA:4,(anonymous_2)
FNDA:2,(anonymous_3)
FNDA:2,(anonymous_4)
FNDA:2,(anonymous_5)
FNDA:3,(anonymous_6)
FNDA:2,(anonymous_7)
DA:5,41
DA:9,15
DA:10,10
DA:11,10
DA:12,8
DA:13,1
DA:14,1
DA:16,7
DA:20,4
DA:21,4
DA:22,4
DA:24,4
DA:25,0
DA:26,4
DA:27,1
DA:30,4
DA:31,0
DA:32,4
DA:33,0
DA:36,4
DA:37,4
DA:38,4
DA:39,1
DA:42,4
DA:49,2
DA:50,2
DA:51,2
DA:53,2
DA:54,2
DA:55,2
DA:56,2
DA:58,2
DA:59,1
DA:62,2
DA:63,1
DA:64,0
DA:68,2
DA:69,0
DA:70,0
DA:74,2
DA:75,2
DA:77,2
DA:78,0
DA:81,2
DA:88,2
DA:89,2
DA:90,2
DA:92,2
DA:93,0
DA:94,2
DA:95,1
DA:98,2
DA:99,0
DA:100,0
DA:104,2
DA:105,2
DA:106,2
DA:107,0
DA:110,2
DA:117,2
DA:118,2
DA:119,2
DA:120,2
DA:121,1
DA:122,1
DA:123,0
DA:125,2
DA:126,2
DA:134,3
DA:135,3
DA:136,3
DA:138,3
DA:139,3
DA:140,3
DA:141,3
DA:142,3
DA:143,3
DA:145,3
DA:146,1
DA:151,3
DA:152,0
DA:153,0
DA:157,3
DA:158,0
DA:159,0
DA:163,3
DA:164,1
DA:167,3
DA:168,1
DA:169,1
DA:170,0
DA:174,3
DA:175,3
DA:177,3
DA:178,0
DA:181,3
DA:188,2
DA:189,2
DA:190,2
DA:191,0
DA:192,2
DA:193,1
DA:194,1
DA:195,0
DA:197,2
DA:204,3
LF:106
LH:86
BRDA:9,0,0,5
BRDA:11,1,0,2
BRDA:11,2,0,10
BRDA:11,2,1,9
BRDA:12,3,0,1
BRDA:12,4,0,8
BRDA:12,4,1,8
BRDA:24,5,0,0
BRDA:24,5,1,4
BRDA:24,6,0,4
BRDA:24,6,1,4
BRDA:24,6,2,4
BRDA:26,7,0,1
BRDA:30,8,0,0
BRDA:30,8,1,4
BRDA:30,9,0,4
BRDA:30,9,1,4
BRDA:30,9,2,4
BRDA:32,10,0,0
BRDA:38,11,0,1
BRDA:38,12,0,4
BRDA:38,12,1,2
BRDA:38,12,2,2
BRDA:38,12,3,2
BRDA:58,13,0,1
BRDA:58,14,0,2
BRDA:58,14,1,1
BRDA:58,14,2,1
BRDA:58,14,3,1
BRDA:62,15,0,1
BRDA:63,16,0,0
BRDA:63,17,0,1
BRDA:63,17,1,1
BRDA:63,17,2,1
BRDA:63,17,3,1
BRDA:68,18,0,0
BRDA:69,19,0,0
BRDA:69,20,0,0
BRDA:69,20,1,0
BRDA:74,21,0,0
BRDA:74,21,1,2
BRDA:75,22,0,1
BRDA:75,22,1,1
BRDA:77,23,0,0
BRDA:77,24,0,2
BRDA:77,24,1,1
BRDA:77,24,2,0
BRDA:77,24,3,0
BRDA:92,25,0,0
BRDA:92,25,1,2
BRDA:92,26,0,2
BRDA:92,26,1,2
BRDA:92,26,2,2
BRDA:94,27,0,1
BRDA:98,28,0,0
BRDA:98,29,0,2
BRDA:98,29,1,0
BRDA:98,29,2,0
BRDA:99,30,0,0
BRDA:99,31,0,0
BRDA:99,31,1,0
BRDA:106,32,0,0
BRDA:106,33,0,2
BRDA:106,33,1,1
BRDA:106,33,2,1
BRDA:106,33,3,1
BRDA:120,34,0,1
BRDA:120,34,1,1
BRDA:120,35,0,2
BRDA:120,35,1,2
BRDA:120,35,2,2
BRDA:120,35,3,2
BRDA:122,36,0,0
BRDA:125,37,0,1
BRDA:125,37,1,1
BRDA:145,38,0,1
BRDA:145,39,0,3
BRDA:145,39,1,3
BRDA:145,39,2,3
BRDA:145,39,3,2
BRDA:145,39,4,1
BRDA:145,39,5,1
BRDA:151,40,0,0
BRDA:152,41,0,0
BRDA:152,42,0,0
BRDA:152,42,1,0
BRDA:152,42,2,0
BRDA:152,42,3,0
BRDA:157,43,0,0
BRDA:158,44,0,0
BRDA:158,45,0,0
BRDA:158,45,1,0
BRDA:163,46,0,1
BRDA:163,47,0,3
BRDA:163,47,1,1
BRDA:167,48,0,1
BRDA:169,49,0,0
BRDA:174,50,0,0
BRDA:174,50,1,3
BRDA:175,51,0,0
BRDA:175,51,1,3
BRDA:177,52,0,0
BRDA:177,53,0,3
BRDA:177,53,1,1
BRDA:177,53,2,0
BRDA:177,53,3,0
BRDA:190,54,0,0
BRDA:190,54,1,2
BRDA:190,55,0,2
BRDA:190,55,1,2
BRDA:192,56,0,1
BRDA:192,56,1,1
BRDA:192,57,0,2
BRDA:192,57,1,2
BRDA:194,58,0,0
BRF:115
BRH:76
end_of_record
TN:
SF:src\utils\errorHandler.ts
FN:4,(anonymous_0)
FN:12,(anonymous_1)
FN:19,(anonymous_2)
FN:25,(anonymous_3)
FNF:4
FNH:4
FNDA:11,(anonymous_0)
FNDA:4,(anonymous_1)
FNDA:6,(anonymous_2)
FNDA:1,(anonymous_3)
DA:5,11
DA:6,11
DA:7,11
DA:13,4
DA:14,4
DA:20,6
DA:26,1
DA:30,6
LF:8
LH:8
BRDA:4,0,0,0
BRDA:19,1,0,0
BRDA:25,2,0,1
BRF:3
BRH:1
end_of_record
TN:
SF:src\utils\responseUtil.ts
FN:5,handleNotFound
FN:9,handleError
FNF:2
FNH:2
FNDA:2,handleNotFound
FNDA:3,handleError
DA:3,2
DA:6,2
DA:10,3
DA:13,3
DA:14,1
DA:21,2
DA:22,1
DA:28,1
DA:33,2
LF:9
LH:9
BRDA:13,0,0,1
BRDA:21,1,0,1
BRF:2
BRH:2
end_of_record
