{"C:\\Users\\diego\\OneDrive\\Documentos\\backend\\backend_innovatech\\backend\\ms-kpi\\src\\application\\kpiService.ts": {"path":"C:\\Users\\diego\\OneDrive\\Documentos\\backend\\backend_innovatech\\backend\\ms-kpi\\src\\application\\kpiService.ts","statementMap":{"0":{"start":{"line":3,"column":29},"end":{"line":3,"column":86}},"1":{"start":{"line":4,"column":42},"end":{"line":4,"column":75}},"2":{"start":{"line":5,"column":26},"end":{"line":5,"column":58}},"3":{"start":{"line":8,"column":2},"end":{"line":10,"column":3}},"4":{"start":{"line":9,"column":4},"end":{"line":9,"column":76}},"5":{"start":{"line":11,"column":2},"end":{"line":11,"column":12}},"6":{"start":{"line":14,"column":19},"end":{"line":64,"column":2}},"7":{"start":{"line":19,"column":4},"end":{"line":19,"column":55}},"8":{"start":{"line":19,"column":17},"end":{"line":19,"column":55}},"9":{"start":{"line":24,"column":4},"end":{"line":31,"column":5}},"10":{"start":{"line":25,"column":6},"end":{"line":28,"column":9}},"11":{"start":{"line":30,"column":6},"end":{"line":30,"column":28}},"12":{"start":{"line":33,"column":18},"end":{"line":33,"column":40}},"13":{"start":{"line":34,"column":25},"end":{"line":34,"column":73}},"14":{"start":{"line":35,"column":23},"end":{"line":35,"column":55}},"15":{"start":{"line":36,"column":21},"end":{"line":36,"column":52}},"16":{"start":{"line":38,"column":4},"end":{"line":62,"column":6}},"17":{"start":{"line":46,"column":37},"end":{"line":53,"column":8}},"18":{"start":{"line":54,"column":50},"end":{"line":61,"column":8}},"19":{"start":{"line":66,"column":0},"end":{"line":66,"column":28}}},"fnMap":{"0":{"name":"mapUpstreamError","decl":{"start":{"line":7,"column":9},"end":{"line":7,"column":25}},"loc":{"start":{"line":7,"column":29},"end":{"line":12,"column":1}}},"1":{"name":"(anonymous_1)","decl":{"start":{"line":18,"column":2},"end":{"line":18,"column":7}},"loc":{"start":{"line":18,"column":32},"end":{"line":63,"column":3}}},"2":{"name":"(anonymous_2)","decl":{"start":{"line":46,"column":29},"end":{"line":46,"column":30}},"loc":{"start":{"line":46,"column":37},"end":{"line":53,"column":8}}},"3":{"name":"(anonymous_3)","decl":{"start":{"line":54,"column":42},"end":{"line":54,"column":43}},"loc":{"start":{"line":54,"column":50},"end":{"line":61,"column":8}}}},"branchMap":{"0":{"loc":{"start":{"line":8,"column":2},"end":{"line":10,"column":3}},"type":"if","locations":[{"start":{"line":8,"column":2},"end":{"line":10,"column":3}}]},"1":{"loc":{"start":{"line":9,"column":40},"end":{"line":9,"column":74}},"type":"binary-expr","locations":[{"start":{"line":9,"column":40},"end":{"line":9,"column":48}},{"start":{"line":9,"column":52},"end":{"line":9,"column":74}}]},"2":{"loc":{"start":{"line":19,"column":4},"end":{"line":19,"column":55}},"type":"if","locations":[{"start":{"line":19,"column":4},"end":{"line":19,"column":55}}]},"3":{"loc":{"start":{"line":33,"column":18},"end":{"line":33,"column":40}},"type":"binary-expr","locations":[{"start":{"line":33,"column":18},"end":{"line":33,"column":34}},{"start":{"line":33,"column":38},"end":{"line":33,"column":40}}]},"4":{"loc":{"start":{"line":34,"column":25},"end":{"line":34,"column":73}},"type":"binary-expr","locations":[{"start":{"line":34,"column":25},"end":{"line":34,"column":49}},{"start":{"line":34,"column":53},"end":{"line":34,"column":73}}]},"5":{"loc":{"start":{"line":35,"column":23},"end":{"line":35,"column":55}},"type":"binary-expr","locations":[{"start":{"line":35,"column":23},"end":{"line":35,"column":39}},{"start":{"line":35,"column":43},"end":{"line":35,"column":55}}]},"6":{"loc":{"start":{"line":36,"column":21},"end":{"line":36,"column":52}},"type":"binary-expr","locations":[{"start":{"line":36,"column":21},"end":{"line":36,"column":46}},{"start":{"line":36,"column":50},"end":{"line":36,"column":52}}]},"7":{"loc":{"start":{"line":50,"column":20},"end":{"line":50,"column":40}},"type":"binary-expr","locations":[{"start":{"line":50,"column":20},"end":{"line":50,"column":32}},{"start":{"line":50,"column":36},"end":{"line":50,"column":40}}]},"8":{"loc":{"start":{"line":51,"column":19},"end":{"line":51,"column":38}},"type":"binary-expr","locations":[{"start":{"line":51,"column":19},"end":{"line":51,"column":30}},{"start":{"line":51,"column":34},"end":{"line":51,"column":38}}]},"9":{"loc":{"start":{"line":52,"column":17},"end":{"line":52,"column":34}},"type":"binary-expr","locations":[{"start":{"line":52,"column":17},"end":{"line":52,"column":26}},{"start":{"line":52,"column":30},"end":{"line":52,"column":34}}]},"10":{"loc":{"start":{"line":57,"column":16},"end":{"line":57,"column":37}},"type":"binary-expr","locations":[{"start":{"line":57,"column":16},"end":{"line":57,"column":24}},{"start":{"line":57,"column":28},"end":{"line":57,"column":37}}]},"11":{"loc":{"start":{"line":60,"column":21},"end":{"line":60,"column":42}},"type":"binary-expr","locations":[{"start":{"line":60,"column":21},"end":{"line":60,"column":34}},{"start":{"line":60,"column":38},"end":{"line":60,"column":42}}]}},"s":{"0":1,"1":1,"2":1,"3":1,"4":1,"5":0,"6":1,"7":4,"8":1,"9":3,"10":3,"11":1,"12":2,"13":2,"14":2,"15":2,"16":2,"17":1,"18":3,"19":1},"f":{"0":1,"1":4,"2":1,"3":3},"b":{"0":[1],"1":[1,0],"2":[1],"3":[2,0],"4":[2,1],"5":[2,1],"6":[2,0],"7":[1,1],"8":[1,1],"9":[1,1],"10":[3,0],"11":[3,1]}}
,"C:\\Users\\diego\\OneDrive\\Documentos\\backend\\backend_innovatech\\backend\\ms-kpi\\src\\domain\\taskStatuses.ts": {"path":"C:\\Users\\diego\\OneDrive\\Documentos\\backend\\backend_innovatech\\backend\\ms-kpi\\src\\domain\\taskStatuses.ts","statementMap":{"0":{"start":{"line":3,"column":22},"end":{"line":3,"column":84}},"1":{"start":{"line":6,"column":17},"end":{"line":6,"column":69}},"2":{"start":{"line":6,"column":61},"end":{"line":6,"column":67}},"3":{"start":{"line":7,"column":2},"end":{"line":10,"column":3}},"4":{"start":{"line":8,"column":14},"end":{"line":8,"column":35}},"5":{"start":{"line":9,"column":4},"end":{"line":9,"column":72}},"6":{"start":{"line":9,"column":57},"end":{"line":9,"column":72}},"7":{"start":{"line":11,"column":2},"end":{"line":11,"column":16}},"8":{"start":{"line":15,"column":2},"end":{"line":15,"column":23}},"9":{"start":{"line":15,"column":14},"end":{"line":15,"column":23}},"10":{"start":{"line":16,"column":15},"end":{"line":16,"column":41}},"11":{"start":{"line":17,"column":2},"end":{"line":17,"column":48}},"12":{"start":{"line":20,"column":0},"end":{"line":20,"column":66}}},"fnMap":{"0":{"name":"countByStatus","decl":{"start":{"line":5,"column":9},"end":{"line":5,"column":22}},"loc":{"start":{"line":5,"column":28},"end":{"line":12,"column":1}}},"1":{"name":"(anonymous_1)","decl":{"start":{"line":6,"column":54},"end":{"line":6,"column":55}},"loc":{"start":{"line":6,"column":61},"end":{"line":6,"column":67}}},"2":{"name":"completionRate","decl":{"start":{"line":14,"column":9},"end":{"line":14,"column":23}},"loc":{"start":{"line":14,"column":47},"end":{"line":18,"column":1}}}},"branchMap":{"0":{"loc":{"start":{"line":8,"column":14},"end":{"line":8,"column":35}},"type":"binary-expr","locations":[{"start":{"line":8,"column":14},"end":{"line":8,"column":22}},{"start":{"line":8,"column":26},"end":{"line":8,"column":35}}]},"1":{"loc":{"start":{"line":9,"column":4},"end":{"line":9,"column":72}},"type":"if","locations":[{"start":{"line":9,"column":4},"end":{"line":9,"column":72}}]},"2":{"loc":{"start":{"line":15,"column":2},"end":{"line":15,"column":23}},"type":"if","locations":[{"start":{"line":15,"column":2},"end":{"line":15,"column":23}}]},"3":{"loc":{"start":{"line":16,"column":15},"end":{"line":16,"column":41}},"type":"binary-expr","locations":[{"start":{"line":16,"column":15},"end":{"line":16,"column":36}},{"start":{"line":16,"column":40},"end":{"line":16,"column":41}}]}},"s":{"0":2,"1":2,"2":8,"3":2,"4":5,"5":5,"6":4,"7":2,"8":4,"9":1,"10":3,"11":3,"12":2},"f":{"0":2,"1":8,"2":4},"b":{"0":[5,0],"1":[4],"2":[1],"3":[3,0]}}
,"C:\\Users\\diego\\OneDrive\\Documentos\\backend\\backend_innovatech\\backend\\ms-kpi\\src\\utils\\errorHandler.ts": {"path":"C:\\Users\\diego\\OneDrive\\Documentos\\backend\\backend_innovatech\\backend\\ms-kpi\\src\\utils\\errorHandler.ts","statementMap":{"0":{"start":{"line":5,"column":4},"end":{"line":5,"column":19}},"1":{"start":{"line":6,"column":4},"end":{"line":6,"column":25}},"2":{"start":{"line":7,"column":4},"end":{"line":7,"column":35}},"3":{"start":{"line":13,"column":4},"end":{"line":13,"column":95}},"4":{"start":{"line":14,"column":4},"end":{"line":14,"column":21}},"5":{"start":{"line":18,"column":0},"end":{"line":18,"column":53}}},"fnMap":{"0":{"name":"(anonymous_0)","decl":{"start":{"line":4,"column":2},"end":{"line":4,"column":14}},"loc":{"start":{"line":4,"column":35},"end":{"line":8,"column":3}}},"1":{"name":"(anonymous_1)","decl":{"start":{"line":12,"column":2},"end":{"line":12,"column":14}},"loc":{"start":{"line":12,"column":26},"end":{"line":15,"column":3}}}},"branchMap":{"0":{"loc":{"start":{"line":4,"column":23},"end":{"line":4,"column":35}},"type":"default-arg","locations":[{"start":{"line":4,"column":32},"end":{"line":4,"column":35}}]},"1":{"loc":{"start":{"line":13,"column":10},"end":{"line":13,"column":85}},"type":"cond-expr","locations":[{"start":{"line":13,"column":44},"end":{"line":13,"column":54}},{"start":{"line":13,"column":57},"end":{"line":13,"column":85}}]}},"s":{"0":1,"1":1,"2":1,"3":1,"4":1,"5":1},"f":{"0":1,"1":1},"b":{"0":[0],"1":[1,0]}}
}
