TN:
SF:src\application\kpiService.ts
FN:7,mapUpstreamError
FN:18,(anonymous_1)
FN:46,(anonymous_2)
FN:54,(anonymous_3)
FNF:4
FNH:4
FNDA:1,mapUpstreamError
FNDA:4,(anonymous_1)
FNDA:1,(anonymous_2)
FNDA:3,(anonymous_3)
DA:3,1
DA:4,1
DA:5,1
DA:8,1
DA:9,1
DA:11,0
DA:14,1
DA:19,4
DA:24,3
DA:25,3
DA:30,1
DA:33,2
DA:34,2
DA:35,2
DA:36,2
DA:38,2
DA:46,1
DA:54,3
DA:66,1
LF:19
LH:18
BRDA:8,0,0,1
BRDA:9,1,0,1
BRDA:9,1,1,0
BRDA:19,2,0,1
BRDA:33,3,0,2
BRDA:33,3,1,0
BRDA:34,4,0,2
BRDA:34,4,1,1
BRDA:35,5,0,2
BRDA:35,5,1,1
BRDA:36,6,0,2
BRDA:36,6,1,0
BRDA:50,7,0,1
BRDA:50,7,1,1
BRDA:51,8,0,1
BRDA:51,8,1,1
BRDA:52,9,0,1
BRDA:52,9,1,1
BRDA:57,10,0,3
BRDA:57,10,1,0
BRDA:60,11,0,3
BRDA:60,11,1,1
BRF:22
BRH:18
end_of_record
TN:
SF:src\domain\taskStatuses.ts
FN:5,countByStatus
FN:6,(anonymous_1)
FN:14,completionRate
FNF:3
FNH:3
FNDA:2,countByStatus
FNDA:8,(anonymous_1)
FNDA:4,completionRate
DA:3,2
DA:6,8
DA:7,2
DA:8,5
DA:9,5
DA:11,2
DA:15,4
DA:16,3
DA:17,3
DA:20,2
LF:10
LH:10
BRDA:8,0,0,5
BRDA:8,0,1,0
BRDA:9,1,0,4
BRDA:15,2,0,1
BRDA:16,3,0,3
BRDA:16,3,1,0
BRF:6
BRH:4
end_of_record
TN:
SF:src\utils\errorHandler.ts
FN:4,(anonymous_0)
FN:12,(anonymous_1)
FNF:2
FNH:2
FNDA:1,(anonymous_0)
FNDA:1,(anonymous_1)
DA:5,1
DA:6,1
DA:7,1
DA:13,1
DA:14,1
DA:18,1
LF:6
LH:6
BRDA:4,0,0,0
BRDA:13,1,0,1
BRDA:13,1,1,0
BRF:3
BRH:1
end_of_record
